<?xml version="1.0" encoding="UTF-8" ?>
<testsuite tests="17" failures="0" name="com.revature.JDBCBank.JDBCBankingTest" time="2.731" errors="0" skipped="0">
  <properties>
    <property name="java.runtime.name" value="Java(TM) SE Runtime Environment"/>
    <property name="sun.boot.library.path" value="C:\Program Files\Java\jre1.8.0_201\bin"/>
    <property name="java.vm.version" value="25.201-b09"/>
    <property name="java.vm.vendor" value="Oracle Corporation"/>
    <property name="maven.multiModuleProjectDirectory" value="C:/Users/icyro/OneDrive/Documents/Revature/Java/Project_0"/>
    <property name="java.vendor.url" value="http://java.oracle.com/"/>
    <property name="path.separator" value=";"/>
    <property name="guice.disable.misplaced.annotation.check" value="true"/>
    <property name="java.vm.name" value="Java HotSpot(TM) 64-Bit Server VM"/>
    <property name="file.encoding.pkg" value="sun.io"/>
    <property name="user.script" value=""/>
    <property name="user.country" value="US"/>
    <property name="sun.java.launcher" value="SUN_STANDARD"/>
    <property name="sun.os.patch.level" value=""/>
    <property name="java.vm.specification.name" value="Java Virtual Machine Specification"/>
    <property name="user.dir" value="C:\Users\icyro\OneDrive\Documents\Revature\Java\Project_0"/>
    <property name="java.runtime.version" value="1.8.0_201-b09"/>
    <property name="java.awt.graphicsenv" value="sun.awt.Win32GraphicsEnvironment"/>
    <property name="java.endorsed.dirs" value="C:\Program Files\Java\jre1.8.0_201\lib\endorsed"/>
    <property name="os.arch" value="amd64"/>
    <property name="java.io.tmpdir" value="C:\Users\icyro\AppData\Local\Temp\"/>
    <property name="line.separator" value="
"/>
    <property name="java.vm.specification.vendor" value="Oracle Corporation"/>
    <property name="user.variant" value=""/>
    <property name="os.name" value="Windows 10"/>
    <property name="classworlds.conf" value="C:/Users/icyro/OneDrive/Desktop/STS4_SQL/apache-maven-3.6.0/bin/m2.conf"/>
    <property name="sun.jnu.encoding" value="Cp1252"/>
    <property name="java.library.path" value="C:\Program Files (x86)\Common Files\Oracle\Java\javapath;C:\Windows\Sun\Java\bin;C:\Windows\system32;C:\Windows;C:\Users\icyro\bin;C:\Program Files\Git\mingw64\bin;C:\Program Files\Git\usr\local\bin;C:\Program Files\Git\usr\bin;C:\Program Files\Git\usr\bin;C:\Program Files\Git\mingw64\bin;C:\Program Files\Git\usr\bin;C:\Users\icyro\bin;C:\Program Files (x86)\Common Files\Oracle\Java\javapath;C:\Program Files (x86)\Intel\Intel(R) Management Engine Components\iCLS;C:\Program Files\Intel\Intel(R) Management Engine Components\iCLS;C:\Windows\system32;C:\Windows;C:\Windows\System32\Wbem;C:\Windows\System32\WindowsPowerShell\v1.0;C:\Windows\System32\OpenSSH;C:\Program Files (x86)\NVIDIA Corporation\PhysX\Common;C:\Program Files\Intel\WiFi\bin;C:\Program Files\Common Files\Intel\WirelessCommon;C:\Program Files (x86)\Intel\Intel(R) Management Engine Components\DAL;C:\Program Files\Intel\Intel(R) Management Engine Components\DAL;C:\Program Files (x86)\Intel\Intel(R) Management Engine Components\IPT;C:\Program Files\Intel\Intel(R) Management Engine Components\IPT;C:\Program Files\Git\cmd;C:\Program Files\Git\mingw64\bin;C:\Program Files\Git\usr\bin;C:\Users\icyro\AppData\Local\Microsoft\WindowsApps;C:\Users\icyro\OneDrive\Desktop\STS4_SQL\apache-maven-3.6.0\bin;C:\Program Files\Git\usr\bin\vendor_perl;C:\Program Files\Git\usr\bin\core_perl;."/>
    <property name="maven.conf" value="C:/Users/icyro/OneDrive/Desktop/STS4_SQL/apache-maven-3.6.0/conf"/>
    <property name="java.specification.name" value="Java Platform API Specification"/>
    <property name="java.class.version" value="52.0"/>
    <property name="sun.management.compiler" value="HotSpot 64-Bit Tiered Compilers"/>
    <property name="os.version" value="10.0"/>
    <property name="library.jansi.path" value="C:/Users/icyro/OneDrive/Desktop/STS4_SQL/apache-maven-3.6.0/lib/jansi-native"/>
    <property name="user.home" value="C:\Users\icyro"/>
    <property name="user.timezone" value="America/New_York"/>
    <property name="java.awt.printerjob" value="sun.awt.windows.WPrinterJob"/>
    <property name="java.specification.version" value="1.8"/>
    <property name="file.encoding" value="Cp1252"/>
    <property name="user.name" value="icyro"/>
    <property name="java.class.path" value="C:/Users/icyro/OneDrive/Desktop/STS4_SQL/apache-maven-3.6.0/boot/plexus-classworlds-2.5.2.jar"/>
    <property name="java.vm.specification.version" value="1.8"/>
    <property name="sun.arch.data.model" value="64"/>
    <property name="java.home" value="C:\Program Files\Java\jre1.8.0_201"/>
    <property name="sun.java.command" value="org.codehaus.plexus.classworlds.launcher.Launcher test"/>
    <property name="java.specification.vendor" value="Oracle Corporation"/>
    <property name="user.language" value="en"/>
    <property name="awt.toolkit" value="sun.awt.windows.WToolkit"/>
    <property name="java.vm.info" value="mixed mode"/>
    <property name="java.version" value="1.8.0_201"/>
    <property name="java.ext.dirs" value="C:\Program Files\Java\jre1.8.0_201\lib\ext;C:\Windows\Sun\Java\lib\ext"/>
    <property name="sun.boot.class.path" value="C:\Program Files\Java\jre1.8.0_201\lib\resources.jar;C:\Program Files\Java\jre1.8.0_201\lib\rt.jar;C:\Program Files\Java\jre1.8.0_201\lib\sunrsasign.jar;C:\Program Files\Java\jre1.8.0_201\lib\jsse.jar;C:\Program Files\Java\jre1.8.0_201\lib\jce.jar;C:\Program Files\Java\jre1.8.0_201\lib\charsets.jar;C:\Program Files\Java\jre1.8.0_201\lib\jfr.jar;C:\Program Files\Java\jre1.8.0_201\classes"/>
    <property name="java.vendor" value="Oracle Corporation"/>
    <property name="maven.home" value="C:\Users\icyro\OneDrive\Desktop\STS4_SQL\apache-maven-3.6.0"/>
    <property name="file.separator" value="\"/>
    <property name="java.vendor.url.bug" value="http://bugreport.sun.com/bugreport/"/>
    <property name="sun.cpu.endian" value="little"/>
    <property name="sun.io.unicode.encoding" value="UnicodeLittle"/>
    <property name="sun.desktop" value="windows"/>
    <property name="sun.cpu.isalist" value="amd64"/>
  </properties>
  <testcase classname="com.revature.JDBCBank.JDBCBankingTest" name="testFailToGetAccountofUnregisteredUser" time="1.742"/>
  <testcase classname="com.revature.JDBCBank.JDBCBankingTest" name="testFailDepositIntoUnownedAccount" time="0.075"/>
  <testcase classname="com.revature.JDBCBank.JDBCBankingTest" name="testFailWithdrawInsufficientFunds" time="0.053"/>
  <testcase classname="com.revature.JDBCBank.JDBCBankingTest" name="testGetAllUsers" time="0.026"/>
  <testcase classname="com.revature.JDBCBank.JDBCBankingTest" name="testWithdrawFromAccount" time="0.104"/>
  <testcase classname="com.revature.JDBCBank.JDBCBankingTest" name="testFailLoginWithWrongPassword" time="0.02"/>
  <testcase classname="com.revature.JDBCBank.JDBCBankingTest" name="testLoginAsMember" time="0.019"/>
  <testcase classname="com.revature.JDBCBank.JDBCBankingTest" name="testFailTransferInsufficientFunds" time="0.088"/>
  <testcase classname="com.revature.JDBCBank.JDBCBankingTest" name="testFailtoRetrieveAccountsofaUserWithNoAccounts" time="0.018"/>
  <testcase classname="com.revature.JDBCBank.JDBCBankingTest" name="testFailTransferFromUnownedAccount" time="0.132"/>
  <testcase classname="com.revature.JDBCBank.JDBCBankingTest" name="testGetAllAccountsofaUser" time="0.02"/>
  <testcase classname="com.revature.JDBCBank.JDBCBankingTest" name="testTransferBetweenAccounts" time="0.217"/>
  <testcase classname="com.revature.JDBCBank.JDBCBankingTest" name="testFailLoginWithUnregisteredAccount" time="0.018"/>
  <testcase classname="com.revature.JDBCBank.JDBCBankingTest" name="testDepositIntoAccount" time="0.099"/>
  <testcase classname="com.revature.JDBCBank.JDBCBankingTest" name="testFailWithdrawFromUnownedAccount" time="0.053"/>
  <testcase classname="com.revature.JDBCBank.JDBCBankingTest" name="testLoginAsModerator" time="0.024"/>
  <testcase classname="com.revature.JDBCBank.JDBCBankingTest" name="testFailLoginWithWrongUsername" time="0.023"/>
</testsuite>